08:30:03:177 [ALWAYS]	GUDE Logging Started
08:30:03:178 [INFO]	SqliteResumeCache::SqliteResumeCache basedirectory is null/empty
08:30:03:178 [ERROR]	SqliteResumeCache::CreateSqliteResumeCache creating resume cache pointer failure
08:30:03:178 [ERROR]	Initialize resume cache pointer failure
08:30:03:178 [INFO]	gude policy POLICY_USER limit (2,2,1) chunk 2097152, chunking (UL 0 DL 1), resXfer 1, adapt 0, NSURL 0, timeout 86400 
08:30:03:178 [INFO]	Initialized -- gude-lib version: v0.12.1 app: gude
08:30:05:544 [WARN]	Ignoring attempt to reinit logging to \gude at level 4 retaining 3 days of logs
08:30:05:545 [INFO]	SqliteResumeCache::SqliteResumeCache basedirectory is null/empty
08:30:05:545 [ERROR]	SqliteResumeCache::CreateSqliteResumeCache creating resume cache pointer failure
08:30:05:545 [ERROR]	Initialize resume cache pointer failure
08:30:05:545 [INFO]	gude policy POLICY_USER limit (4,4,1) chunk 2097152, chunking (UL 0 DL 1), resXfer 1, adapt 0, NSURL 1, timeout 86400 
08:30:05:545 [INFO]	Initialized -- gude-lib version: v0.12.1 app: gude
08:31:25:747 [ALWAYS]	GUDE Logging Started
08:31:25:747 [INFO]	SqliteResumeCache::SqliteResumeCache basedirectory is null/empty
08:31:25:747 [ERROR]	SqliteResumeCache::CreateSqliteResumeCache creating resume cache pointer failure
08:31:25:747 [ERROR]	Initialize resume cache pointer failure
08:31:25:747 [INFO]	gude policy POLICY_USER limit (2,2,1) chunk 2097152, chunking (UL 0 DL 1), resXfer 1, adapt 0, NSURL 0, timeout 86400 
08:31:25:747 [INFO]	Initialized -- gude-lib version: v0.12.1 app: gude
08:31:27:516 [WARN]	Ignoring attempt to reinit logging to \gude at level 4 retaining 3 days of logs
08:31:27:516 [INFO]	SqliteResumeCache::SqliteResumeCache basedirectory is null/empty
08:31:27:516 [ERROR]	SqliteResumeCache::CreateSqliteResumeCache creating resume cache pointer failure
08:31:27:516 [ERROR]	Initialize resume cache pointer failure
08:31:27:517 [INFO]	gude policy POLICY_USER limit (4,4,1) chunk 2097152, chunking (UL 0 DL 1), resXfer 1, adapt 0, NSURL 1, timeout 86400 
08:31:27:517 [INFO]	Initialized -- gude-lib version: v0.12.1 app: gude
08:32:29:799 [ALWAYS]	GUDE Logging Started
08:32:29:800 [INFO]	SqliteResumeCache::SqliteResumeCache basedirectory is null/empty
08:32:29:800 [ERROR]	SqliteResumeCache::CreateSqliteResumeCache creating resume cache pointer failure
08:32:29:800 [ERROR]	Initialize resume cache pointer failure
08:32:29:800 [INFO]	gude policy POLICY_USER limit (2,2,1) chunk 2097152, chunking (UL 0 DL 1), resXfer 1, adapt 0, NSURL 0, timeout 86400 
08:32:29:800 [INFO]	Initialized -- gude-lib version: v0.12.1 app: gude
08:32:31:280 [WARN]	Ignoring attempt to reinit logging to \gude at level 4 retaining 3 days of logs
08:32:31:280 [INFO]	SqliteResumeCache::SqliteResumeCache basedirectory is null/empty
08:32:31:280 [ERROR]	SqliteResumeCache::CreateSqliteResumeCache creating resume cache pointer failure
08:32:31:280 [ERROR]	Initialize resume cache pointer failure
08:32:31:280 [INFO]	gude policy POLICY_USER limit (4,4,1) chunk 2097152, chunking (UL 0 DL 1), resXfer 1, adapt 0, NSURL 1, timeout 86400 
08:32:31:280 [INFO]	Initialized -- gude-lib version: v0.12.1 app: gude
